<?xml version="1.0" encoding="UTF-8"?>
<!-- Generated by org.testng.reporters.JUnitXMLReporter -->
<testsuite hostname="MMEN048" ignored="0" name="Test" tests="4" failures="0" timestamp="18 Jan 2018 12:12:28 GMT" time="4.073" errors="0">
  <testcase name="testItReturnsTheRightValuesForOneCity" time="3.448" classname="request.get.test.GetRequestTest"/>
  <testcase name="testResponseBody" time="0.201" classname="request.get.test.GetRequestTest"/>
  <testcase name="testResponseCode" time="0.174" classname="request.get.test.GetRequestTest"/>
  <testcase name="testResponseCodeWithBDD" time="0.211" classname="request.get.test.GetRequestTest"/>
</testsuite> <!-- Test -->
