<?xml version="1.0" encoding="UTF-8"?>
<!-- Generated by org.testng.reporters.JUnitXMLReporter -->
<testsuite hostname="Lenovo-PC" ignored="0" name="Test" tests="8" failures="0" timestamp="16 Sep 2018 17:08:36 GMT" time="17.462" errors="0">
  <testcase name="testItReturnsTheRightValuesForOneCity" time="9.487" classname="request.get.test.GetRequestTest"/>
  <testcase name="testResponseBody" time="0.949" classname="request.get.test.GetRequestTest"/>
  <testcase name="testResponseCode" time="0.905" classname="request.get.test.GetRequestTest"/>
  <testcase name="testResponseCodeWithBDD" time="1.219" classname="request.get.test.GetRequestTest"/>
  <testcase name="testResponseWithParams" time="1.096" classname="request.get.test.GetRequestTest"/>
  <testcase name="updateLastUser" time="0.262" classname="request.put.PUTRequest"/>
  <testcase name="updateUserbyName" time="0.047" classname="request.patch.test.TestPatchRequest"/>
  <testcase name="testDeleteUser" time="0.053" classname="request.delete.test.TestDelete"/>
</testsuite> <!-- Test -->
