<?xml version="1.0" encoding="UTF-8"?>
<testsuite xmlns:xsi="http://www.w3.org/2001/XMLSchema-instance" xsi:noNamespaceSchemaLocation="https://maven.apache.org/surefire/maven-surefire-plugin/xsd/surefire-test-report.xsd" name="TestSuite" time="18.48" tests="8" errors="0" skipped="0" failures="0">
  <properties>
[...]
</properties>
  <testcase name="testItReturnsTheRightValuesForOneCity" classname="request.get.test.GetRequestTest" time="9.488"/>
  <testcase name="testResponseBody" classname="request.get.test.GetRequestTest" time="0.992"/>
  <testcase name="testResponseCode" classname="request.get.test.GetRequestTest" time="0.896"/>
  <testcase name="testResponseCodeWithBDD" classname="request.get.test.GetRequestTest" time="1.181"/>
  <testcase name="testResponseWithParams" classname="request.get.test.GetRequestTest" time="1.096"/>
  <testcase name="updateLastUser" classname="request.put.PUTRequest" time="0.258"/>
  <testcase name="updateUserbyName" classname="request.patch.test.TestPatchRequest" time="0.047"/>
  <testcase name="testDeleteUser" classname="request.delete.test.TestDelete" time="0.047"/>
</testsuite>