<?xml version="1.0" encoding="UTF-8"?>
<testng-results skipped="0" failed="0" ignored="0" total="2" passed="2">
  <reporter-output>
  </reporter-output>
  <suite name="Default suite" duration-ms="8146" started-at="2018-09-16T12:03:01Z" finished-at="2018-09-16T12:03:09Z">
    <groups>
    </groups>
    <test name="Default test" duration-ms="8146" started-at="2018-09-16T12:03:01Z" finished-at="2018-09-16T12:03:09Z">
      <class name="request.delete.test.TestDelete">
        <test-method status="PASS" signature="setup()[pri:0, instance:request.delete.test.TestDelete@1275dab]" name="setup" is-config="true" duration-ms="6488" started-at="2018-09-16T14:03:01Z" finished-at="2018-09-16T14:03:07Z">
          <reporter-output>
          </reporter-output>
        </test-method> <!-- setup -->
        <test-method status="PASS" signature="testDeleteUser()[pri:0, instance:request.delete.test.TestDelete@1275dab]" name="testDeleteUser" duration-ms="405" started-at="2018-09-16T14:03:07Z" finished-at="2018-09-16T14:03:08Z">
          <reporter-output>
          </reporter-output>
        </test-method> <!-- testDeleteUser -->
        <test-method status="PASS" signature="testGetUsers()[pri:0, instance:request.delete.test.TestDelete@1275dab]" name="testGetUsers" duration-ms="1184" started-at="2018-09-16T14:03:08Z" depends-on-methods="request.delete.test.TestDelete.testDeleteUser" finished-at="2018-09-16T14:03:09Z">
          <reporter-output>
          </reporter-output>
        </test-method> <!-- testGetUsers -->
      </class> <!-- request.delete.test.TestDelete -->
    </test> <!-- Default test -->
  </suite> <!-- Default suite -->
</testng-results>
